<?xml version="1.0" encoding="UTF-8"?>
<!-- Generated by org.testng.reporters.JUnitXMLReporter -->
<testsuite ignored="0" hostname="IN-2XLTZD3" failures="1" tests="1" name="Appium Test" time="27.244" errors="0" timestamp="13 Nov 2022 14:55:06 GMT">
  <testcase classname="cucumber.api.testng.AbstractTestNGCucumberTests" name="feature" time="26.709">
    <failure type="cucumber.runtime.CucumberException" message="java.lang.AssertionError: expected [Custom Views] but found [Custom View]">
      <![CDATA[cucumber.runtime.CucumberException: java.lang.AssertionError: expected [Custom Views] but found [Custom View]
	at cucumber.api.testng.TestNGCucumberRunner.runCucumber(TestNGCucumberRunner.java:69)
	at cucumber.api.testng.AbstractTestNGCucumberTests.feature(AbstractTestNGCucumberTests.java:21)
Caused by: java.lang.AssertionError: expected [Custom Views] but found [Custom View]
	at StepDefinitions.AccessibilityStep.verify_user_is_able_to_click_on_CustomViewer(AccessibilityStep.java:36)
	at ✽.Then Verify user is able to click on CustomViewer(Accessibility.feature:6)
... Removed 31 stack frames]]>
    </failure>
  </testcase> <!-- feature -->
</testsuite> <!-- Appium Test -->
